<?xml version="1.0" encoding="UTF-8"?>
<!-- Generated by org.testng.reporters.JUnitReportReporter -->
<testsuite hostname="user4" failures="0" tests="3" name="testScripts.PlaceOrderTest" time="1.212" errors="0" timestamp="2024-11-17T14:01:06 IST" skipped="0">
  <testcase classname="testScripts.PlaceOrderTest" name="addItemTest" time="0.377"/>
  <testcase classname="testScripts.PlaceOrderTest" name="verfInfo" time="0.730"/>
  <testcase classname="testScripts.PlaceOrderTest" name="checkoutItems" time="0.105"/>
</testsuite> <!-- testScripts.PlaceOrderTest -->
